<?xml version="1.0" encoding="UTF-8"?>
<!-- Generated by org.testng.reporters.JUnitReportReporter -->
<testsuite hostname="DESKTOP-KQN0Q4N" name="com.internetbanking.testcases.TC_LoginTest_001" tests="1" failures="0" timestamp="23 Aug 2020 10:44:00 GMT" time="5.083" errors="0">
  <testcase name="loginTest" time="5.083" classname="com.internetbanking.testcases.TC_LoginTest_001"/>
</testsuite> <!-- com.internetbanking.testcases.TC_LoginTest_001 -->
